App/app/build/outputs/logs/manifest-merger-debug-report.txt
-- Merging decision tree log ---
manifest
ADDED from src\main\AndroidManifest.xml:2:1-37:12
	package
		ADDED from src\main\AndroidManifest.xml:3:5-45
		INJECTED from src\main\AndroidManifest.xml
		INJECTED from src\main\AndroidManifest.xml
	android:versionName
		ADDED from src\main\AndroidManifest.xml:5:5-30
		INJECTED from src\main\AndroidManifest.xml
		INJECTED from src\main\AndroidManifest.xml
	android:versionCode
		ADDED from src\main\AndroidManifest.xml:4:5-28
		INJECTED from src\main\AndroidManifest.xml
		INJECTED from src\main\AndroidManifest.xml
	xmlns:android
		ADDED from src\main\AndroidManifest.xml:2:11-69
uses-permission#android.permission.ACCESS_COARSE_LOCATION
ADDED from src\main\AndroidManifest.xml:7:5-81
	android:name
		ADDED from src\main\AndroidManifest.xml:7:22-78
uses-permission#android.permission.BLUETOOTH
ADDED from src\main\AndroidManifest.xml:8:5-68
	android:name
		ADDED from src\main\AndroidManifest.xml:8:22-65
uses-permission#android.permission.BLUETOOTH_ADMIN
ADDED from src\main\AndroidManifest.xml:9:5-74
	android:name
		ADDED from src\main\AndroidManifest.xml:9:22-71
uses-permission#android.permission.VIBRATE
ADDED from src\main\AndroidManifest.xml:10:5-66
	android:name
		ADDED from src\main\AndroidManifest.xml:10:22-63
uses-permission#android.permission.WRITE_EXTERNAL_STORAGE
ADDED from src\main\AndroidManifest.xml:11:5-81
	android:name
		ADDED from src\main\AndroidManifest.xml:11:22-78
uses-sdk
ADDED from src\main\AndroidManifest.xml:14:5-16:41
MERGED from [com.android.support:support-v4:23.1.1] AndroidManifest.xml:20:5-43
	android:targetSdkVersion
		ADDED from src\main\AndroidManifest.xml:16:9-38
		INJECTED from src\main\AndroidManifest.xml
		INJECTED from src\main\AndroidManifest.xml
	android:minSdkVersion
		ADDED from src\main\AndroidManifest.xml:15:9-35
		INJECTED from src\main\AndroidManifest.xml
		INJECTED from src\main\AndroidManifest.xml
application
ADDED from src\main\AndroidManifest.xml:18:5-35:19
MERGED from [com.android.support:support-v4:23.1.1] AndroidManifest.xml:22:5-20
	android:label
		ADDED from src\main\AndroidManifest.xml:21:9-41
	android:allowBackup
		ADDED from src\main\AndroidManifest.xml:19:9-35
	android:icon
		ADDED from src\main\AndroidManifest.xml:20:9-43
	android:theme
		ADDED from src\main\AndroidManifest.xml:22:9-40
activity#com.choosemuse.example.libmuse.MainActivity
ADDED from src\main\AndroidManifest.xml:25:13-34:24
	android:screenOrientation
		ADDED from src\main\AndroidManifest.xml:27:17-53
	android:label
		ADDED from src\main\AndroidManifest.xml:28:17-49
	android:name
		ADDED from src\main\AndroidManifest.xml:26:17-75
intent-filter#android.intent.action.MAIN+android.intent.category.LAUNCHER
ADDED from src\main\AndroidManifest.xml:29:17-33:33
action#android.intent.action.MAIN
ADDED from src\main\AndroidManifest.xml:30:21-73
	android:name
		ADDED from src\main\AndroidManifest.xml:30:29-70
category#android.intent.category.LAUNCHER
ADDED from src\main\AndroidManifest.xml:32:21-81
	android:name
		ADDED from src\main\AndroidManifest.xml:32:31-78